Starting node 25
Node 25 received message from fd 20: TICK 1
Node 25 received message from fd 8: EXPLORE 10
Node 25 received message from fd 17: EXPLORE 5
Node 25 sending message DONE 1
Node 25 received message from fd 20: TICK 2
Node 25 received message from fd 8: EXPLORE 25
Node 25 received message from fd 17: EXPLORE 25
Node 25 sending message DONE 2
Node 25 received message from fd 20: TICK 3
Node 25 received message from fd 8: EXPLORE 25
Node 25 received message from fd 17: EXPLORE 25
Node 25 sending message DONE 3
Node 25 received message from fd 20: TICK 4
Node 25 received message from fd 8: EXPLORE 25
Node 25 received message from fd 17: EXPLORE 25
Node 25 sending message DONE 4
Node 25 received message from fd 20: TICK 5
Node 25 received message from fd 8: EXPLORE 25
Node 25 received message from fd 17: EXPLORE 25
Node 25 sending message DONE 5
Node 25 received message from fd 20: TICK 6
Node 25 received message from fd 8: EXPLORE 25
Node 25 received message from fd 17: EXPLORE 25
Node 25 sending message DONE 6
Node 25 received message from fd 20: TICK 7
Node 25 received message from fd 8: EXPLORE 25
Node 25 received message from fd 17: EXPLORE 25
Node 25 sending message DONE 7
Node 25 received message from fd 20: TICK 8
Node 25 received message from fd 8: EXPLORE 25
Node 25 received message from fd 17: EXPLORE 25
Node 25 sending message DONE 8
Node 25 received message from fd 20: TICK 9
Node 25 received message from fd 8: EXPLORE 25
Node 25 received message from fd 17: EXPLORE 25
Node 25 sending message LEADER 25
