Starting node 15
Node 15 received message from fd 10: TICK 1
Sending to fd 6: EXPLORE 15
Sending to fd 11: EXPLORE 15
Node 15 received message from fd 6 [-1] pending: EXPLORE 10
Node 15 received message from fd 11 [-1] pending: EXPLORE 5
Node 15 sending message DONE 1 to master thread.
Node 15 received message from fd 10: TICK 2
Sending to fd 6: (NULL) -1
Sending to fd 11: (NULL) -1
Node 15 received message from fd 6 [10] pending: EXPLORE 25
Node 15 received message from fd 11 [5] pending: EXPLORE 25
Node 15 sending message DONE 2 to master thread.
Node 15 received message from fd 10: TICK 3
Sending to fd 6: (NULL) -1
Sending to fd 11: REJECT -1
Node 15 received message from fd 6 [10] (parent): (NULL) -1
Node 15 received message from fd 11 [5] pending: (NULL) -1
Node 15 sending message DONE 3 to master thread.
Node 15 received message from fd 10: TICK 4
Sending to fd 6: (NULL) -1
Sending to fd 11: (NULL) -1
Node 15 received message from fd 6 [10] (parent): (NULL) -1
Node 15 received message from fd 11 [5] pending: (NULL) -1
Node 15 sending message DONE 4 to master thread.
Node 15 received message from fd 10: TICK 5
Sending to fd 6: (NULL) -1
Sending to fd 11: (NULL) -1
Node 15 received message from fd 6 [10] (parent): (NULL) -1
Node 15 received message from fd 11 [5] pending: (NULL) -1
Node 15 sending message DONE 5 to master thread.
Node 15 received message from fd 10: TICK 6
Sending to fd 6: (NULL) -1
Sending to fd 11: (NULL) -1
Node 15 received message from fd 6 [10] (parent): (NULL) -1
Node 15 received message from fd 11 [5] pending: (NULL) -1
Node 15 sending message DONE 6 to master thread.
Node 15 received message from fd 10: TICK 7
Sending to fd 6: (NULL) -1
Sending to fd 11: (NULL) -1
Node 15 received message from fd 6 [10] (parent): (NULL) -1
Node 15 received message from fd 11 [5] pending: (NULL) -1
Node 15 sending message DONE 7 to master thread.
