Starting node 5
Begin of round 1
--  Sending to fd 8: EXPLORE 5
--  Node 5 received message from fd 8 [-1] pending: EXPLORE 10
End of round 1
Begin of round 2
--  Sending to fd 8: DONE -1
--  Node 5 received message from fd 8 [10] (parent): EXPLORE 25
End of round 2
Begin of round 3
--  Sending to fd 8: DONE -1
--  Node 5 received message from fd 8 [10] (parent): EXPLORE 30
End of round 3
Begin of round 4
--  Sending to fd 8: DONE -1
--  Node 5 received message from fd 8 [10] (parent): EXPLORE 50
End of round 4
Begin of round 5
--  Sending to fd 8: DONE -1
--  Node 5 received message from fd 8 [10] (parent): (NULL) -1
End of round 5
Begin of round 6
--  Sending to fd 8: (NULL) -1
--  Node 5 received message from fd 8 [10] (parent): (NULL) -1
End of round 6
Begin of round 7
--  Sending to fd 8: (NULL) -1
--  Node 5 received message from fd 8 [10] (parent): (NULL) -1
End of round 7
Begin of round 8
--  Sending to fd 8: (NULL) -1
--  Node 5 received message from fd 8 [10] (parent): (NULL) -1
End of round 8
Node 5 terminating...
    parent: 10
    children: 
